[2012-01-19 17:19:16] INFO  WEBrick 1.3.1
[2012-01-19 17:19:16] INFO  ruby 1.8.7 (2011-02-18) [i686-linux]
[2012-01-19 17:19:16] INFO  WEBrick::HTTPServer#start: pid=14362 port=9393
== Shotgun/WEBrick on http://127.0.0.1:9393/
DEPRECATION WARNING: require "actionpack" is deprecated and will be removed in Rails 3. Use require "action_pack" instead. (called from /home/james/.rvm/gems/ruby-1.8.7-p334@todo-rails2/gems/actionpack-2.3.14/lib/actionpack.rb:2)
The {{key}} interpolation syntax in I18n messages is deprecated. Please use %{key} instead.
/home/james/.rvm/gems/ruby-1.8.7-p334@todo-rails2/gems/activesupport-2.3.14/lib/active_support/vendor/i18n-0.4.1/i18n/backend/base.rb:162:in `interpolate'
/home/james/.rvm/gems/ruby-1.8.7-p334@todo-rails2/gems/activesupport-2.3.14/lib/active_support/vendor/i18n-0.4.1/i18n/backend/base.rb:157:in `gsub'
/home/james/.rvm/gems/ruby-1.8.7-p334@todo-rails2/gems/activesupport-2.3.14/lib/active_support/vendor/i18n-0.4.1/i18n/backend/base.rb:157:in `interpolate'
/home/james/.rvm/gems/ruby-1.8.7-p334@todo-rails2/gems/activesupport-2.3.14/lib/active_support/vendor/i18n-0.4.1/i18n/backend/base.rb:197:in `preserve_encoding'
/home/james/.rvm/gems/ruby-1.8.7-p334@todo-rails2/gems/activesupport-2.3.14/lib/active_support/vendor/i18n-0.4.1/i18n/backend/base.rb:156:in `interpolate'
/home/james/.rvm/gems/ruby-1.8.7-p334@todo-rails2/gems/activesupport-2.3.14/lib/active_support/vendor/i18n-0.4.1/i18n/backend/base.rb:49:in `translate'
/home/james/.rvm/gems/ruby-1.8.7-p334@todo-rails2/gems/activesupport-2.3.14/lib/active_support/vendor/i18n-0.4.1/i18n.rb:152:in `t'
/home/james/.rvm/gems/ruby-1.8.7-p334@todo-rails2/gems/simple_form-1.0.2/lib/simple_form/form_builder.rb:221:in `button'
/home/james/ey/projects/todo-rails2/app/views/tasks/index.html.erb:47:in `_run_erb_app47views47tasks47index46html46erb'
/home/james/.rvm/gems/ruby-1.8.7-p334@todo-rails2/gems/actionpack-2.3.14/lib/action_view/helpers/form_helper.rb:499:in `fields_for'
/home/james/.rvm/gems/ruby-1.8.7-p334@todo-rails2/gems/actionpack-2.3.14/lib/action_view/helpers/form_helper.rb:282:in `form_for'
/home/james/.rvm/gems/ruby-1.8.7-p334@todo-rails2/gems/simple_form-1.0.2/lib/simple_form/action_view_extensions/form_helper.rb:24:in `simple_form_for'
/home/james/ey/projects/todo-rails2/app/views/tasks/index.html.erb:43:in `_run_erb_app47views47tasks47index46html46erb'
/home/james/.rvm/gems/ruby-1.8.7-p334@todo-rails2/gems/activerecord-2.3.14/lib/active_record/associations/association_collection.rb:392:in `method_missing'
/home/james/.rvm/gems/ruby-1.8.7-p334@todo-rails2/gems/activerecord-2.3.14/lib/active_record/associations/association_proxy.rb:215:in `each'
/home/james/.rvm/gems/ruby-1.8.7-p334@todo-rails2/gems/activerecord-2.3.14/lib/active_record/associations/association_proxy.rb:215:in `send'
/home/james/.rvm/gems/ruby-1.8.7-p334@todo-rails2/gems/activerecord-2.3.14/lib/active_record/associations/association_proxy.rb:215:in `method_missing'
/home/james/.rvm/gems/ruby-1.8.7-p334@todo-rails2/gems/activerecord-2.3.14/lib/active_record/associations/association_collection.rb:392:in `method_missing'
/home/james/ey/projects/todo-rails2/app/views/tasks/index.html.erb:40:in `_run_erb_app47views47tasks47index46html46erb'
/home/james/ey/projects/todo-rails2/app/views/tasks/index.html.erb:17:in `each'
/home/james/ey/projects/todo-rails2/app/views/tasks/index.html.erb:17:in `_run_erb_app47views47tasks47index46html46erb'
/home/james/.rvm/gems/ruby-1.8.7-p334@todo-rails2/gems/actionpack-2.3.14/lib/action_view/renderable.rb:34:in `send'
/home/james/.rvm/gems/ruby-1.8.7-p334@todo-rails2/gems/actionpack-2.3.14/lib/action_view/renderable.rb:34:in `render'
/home/james/.rvm/gems/ruby-1.8.7-p334@todo-rails2/gems/actionpack-2.3.14/lib/action_view/base.rb:306:in `with_template'
/home/james/.rvm/gems/ruby-1.8.7-p334@todo-rails2/gems/actionpack-2.3.14/lib/action_view/renderable.rb:30:in `render'
/home/james/.rvm/gems/ruby-1.8.7-p334@todo-rails2/gems/actionpack-2.3.14/lib/action_view/template.rb:205:in `render_template'
/home/james/.rvm/gems/ruby-1.8.7-p334@todo-rails2/gems/actionpack-2.3.14/lib/action_view/base.rb:265:in `render'
/home/james/.rvm/gems/ruby-1.8.7-p334@todo-rails2/gems/actionpack-2.3.14/lib/action_view/base.rb:348:in `_render_with_layout'
/home/james/.rvm/gems/ruby-1.8.7-p334@todo-rails2/gems/actionpack-2.3.14/lib/action_view/base.rb:262:in `render'
/home/james/.rvm/gems/ruby-1.8.7-p334@todo-rails2/gems/actionpack-2.3.14/lib/action_controller/base.rb:1252:in `render_for_file'
/home/james/.rvm/gems/ruby-1.8.7-p334@todo-rails2/gems/actionpack-2.3.14/lib/action_controller/base.rb:942:in `render_without_benchmark'
/home/james/.rvm/gems/ruby-1.8.7-p334@todo-rails2/gems/actionpack-2.3.14/lib/action_controller/benchmarking.rb:51:in `render'
/home/james/.rvm/gems/ruby-1.8.7-p334@todo-rails2/gems/activesupport-2.3.14/lib/active_support/core_ext/benchmark.rb:17:in `ms'
/home/james/.rvm/rubies/ruby-1.8.7-p334/lib/ruby/1.8/benchmark.rb:308:in `realtime'
/home/james/.rvm/gems/ruby-1.8.7-p334@todo-rails2/gems/activesupport-2.3.14/lib/active_support/core_ext/benchmark.rb:17:in `ms'
/home/james/.rvm/gems/ruby-1.8.7-p334@todo-rails2/gems/actionpack-2.3.14/lib/action_controller/benchmarking.rb:51:in `render'
/home/james/.rvm/gems/ruby-1.8.7-p334@todo-rails2/gems/actionpack-2.3.14/lib/action_controller/mime_responds.rb:135:in `send'
/home/james/.rvm/gems/ruby-1.8.7-p334@todo-rails2/gems/actionpack-2.3.14/lib/action_controller/mime_responds.rb:135:in `custom'
/home/james/.rvm/gems/ruby-1.8.7-p334@todo-rails2/gems/actionpack-2.3.14/lib/action_controller/mime_responds.rb:179:in `call'
/home/james/.rvm/gems/ruby-1.8.7-p334@todo-rails2/gems/actionpack-2.3.14/lib/action_controller/mime_responds.rb:179:in `respond'
/home/james/.rvm/gems/ruby-1.8.7-p334@todo-rails2/gems/actionpack-2.3.14/lib/action_controller/mime_responds.rb:173:in `each'
/home/james/.rvm/gems/ruby-1.8.7-p334@todo-rails2/gems/actionpack-2.3.14/lib/action_controller/mime_responds.rb:173:in `respond'
/home/james/.rvm/gems/ruby-1.8.7-p334@todo-rails2/gems/actionpack-2.3.14/lib/action_controller/mime_responds.rb:107:in `respond_to'
/home/james/ey/projects/todo-rails2/app/controllers/tasks_controller.rb:10:in `index'
/home/james/.rvm/gems/ruby-1.8.7-p334@todo-rails2/gems/actionpack-2.3.14/lib/action_controller/base.rb:1333:in `send'
/home/james/.rvm/gems/ruby-1.8.7-p334@todo-rails2/gems/actionpack-2.3.14/lib/action_controller/base.rb:1333:in `perform_action_without_filters'
/home/james/.rvm/gems/ruby-1.8.7-p334@todo-rails2/gems/actionpack-2.3.14/lib/action_controller/filters.rb:617:in `call_filters'
/home/james/.rvm/gems/ruby-1.8.7-p334@todo-rails2/gems/actionpack-2.3.14/lib/action_controller/filters.rb:610:in `perform_action_without_benchmark'
/home/james/.rvm/gems/ruby-1.8.7-p334@todo-rails2/gems/actionpack-2.3.14/lib/action_controller/benchmarking.rb:68:in `perform_action_without_rescue'
/home/james/.rvm/gems/ruby-1.8.7-p334@todo-rails2/gems/activesupport-2.3.14/lib/active_support/core_ext/benchmark.rb:17:in `ms'
/home/james/.rvm/rubies/ruby-1.8.7-p334/lib/ruby/1.8/benchmark.rb:308:in `realtime'
/home/james/.rvm/gems/ruby-1.8.7-p334@todo-rails2/gems/activesupport-2.3.14/lib/active_support/core_ext/benchmark.rb:17:in `ms'
/home/james/.rvm/gems/ruby-1.8.7-p334@todo-rails2/gems/actionpack-2.3.14/lib/action_controller/benchmarking.rb:68:in `perform_action_without_rescue'
/home/james/.rvm/gems/ruby-1.8.7-p334@todo-rails2/gems/actionpack-2.3.14/lib/action_controller/rescue.rb:160:in `perform_action_without_flash'
/home/james/.rvm/gems/ruby-1.8.7-p334@todo-rails2/gems/actionpack-2.3.14/lib/action_controller/flash.rb:151:in `perform_action'
/home/james/.rvm/gems/ruby-1.8.7-p334@todo-rails2/gems/actionpack-2.3.14/lib/action_controller/base.rb:532:in `send'
/home/james/.rvm/gems/ruby-1.8.7-p334@todo-rails2/gems/actionpack-2.3.14/lib/action_controller/base.rb:532:in `process_without_filters'
/home/james/.rvm/gems/ruby-1.8.7-p334@todo-rails2/gems/actionpack-2.3.14/lib/action_controller/filters.rb:606:in `process'
/home/james/.rvm/gems/ruby-1.8.7-p334@todo-rails2/gems/actionpack-2.3.14/lib/action_controller/base.rb:391:in `process'
/home/james/.rvm/gems/ruby-1.8.7-p334@todo-rails2/gems/actionpack-2.3.14/lib/action_controller/base.rb:386:in `call'
/home/james/.rvm/gems/ruby-1.8.7-p334@todo-rails2/gems/actionpack-2.3.14/lib/action_controller/routing/route_set.rb:438:in `call'
/home/james/.rvm/gems/ruby-1.8.7-p334@todo-rails2/gems/actionpack-2.3.14/lib/action_controller/dispatcher.rb:87:in `dispatch'
/home/james/.rvm/gems/ruby-1.8.7-p334@todo-rails2/gems/actionpack-2.3.14/lib/action_controller/dispatcher.rb:121:in `_call'
/home/james/.rvm/gems/ruby-1.8.7-p334@todo-rails2/gems/actionpack-2.3.14/lib/action_controller/dispatcher.rb:130:in `build_middleware_stack'
/home/james/.rvm/gems/ruby-1.8.7-p334@todo-rails2/gems/activerecord-2.3.14/lib/active_record/query_cache.rb:29:in `call'
/home/james/.rvm/gems/ruby-1.8.7-p334@todo-rails2/gems/activerecord-2.3.14/lib/active_record/query_cache.rb:29:in `call'
/home/james/.rvm/gems/ruby-1.8.7-p334@todo-rails2/gems/activerecord-2.3.14/lib/active_record/connection_adapters/abstract/query_cache.rb:34:in `cache'
/home/james/.rvm/gems/ruby-1.8.7-p334@todo-rails2/gems/activerecord-2.3.14/lib/active_record/query_cache.rb:9:in `cache'
/home/james/.rvm/gems/ruby-1.8.7-p334@todo-rails2/gems/activerecord-2.3.14/lib/active_record/query_cache.rb:28:in `call'
/home/james/.rvm/gems/ruby-1.8.7-p334@todo-rails2/gems/activerecord-2.3.14/lib/active_record/connection_adapters/abstract/connection_pool.rb:361:in `call'
/home/james/.rvm/gems/ruby-1.8.7-p334@todo-rails2/gems/actionpack-2.3.14/lib/action_controller/string_coercion.rb:25:in `call'
/home/james/.rvm/gems/ruby-1.8.7-p334@todo-rails2/gems/rack-1.1.3/lib/rack/head.rb:9:in `call'
/home/james/.rvm/gems/ruby-1.8.7-p334@todo-rails2/gems/rack-1.1.3/lib/rack/methodoverride.rb:24:in `call'
/home/james/.rvm/gems/ruby-1.8.7-p334@todo-rails2/gems/actionpack-2.3.14/lib/action_controller/params_parser.rb:15:in `call'
/home/james/.rvm/gems/ruby-1.8.7-p334@todo-rails2/gems/actionpack-2.3.14/lib/action_controller/session/cookie_store.rb:99:in `call'
/home/james/.rvm/gems/ruby-1.8.7-p334@todo-rails2/gems/actionpack-2.3.14/lib/action_controller/failsafe.rb:26:in `call'
/home/james/.rvm/gems/ruby-1.8.7-p334@todo-rails2/gems/rack-1.1.3/lib/rack/lock.rb:11:in `call'
/home/james/.rvm/gems/ruby-1.8.7-p334@todo-rails2/gems/rack-1.1.3/lib/rack/lock.rb:11:in `synchronize'
/home/james/.rvm/gems/ruby-1.8.7-p334@todo-rails2/gems/rack-1.1.3/lib/rack/lock.rb:11:in `call'
/home/james/.rvm/gems/ruby-1.8.7-p334@todo-rails2/gems/actionpack-2.3.14/lib/action_controller/dispatcher.rb:106:in `call'
/home/james/.rvm/gems/ruby-1.8.7-p334@todo-rails2/gems/shotgun-0.9/lib/shotgun/loader.rb:86:in `proceed_as_child'
/home/james/.rvm/gems/ruby-1.8.7-p334@todo-rails2/gems/shotgun-0.9/lib/shotgun/loader.rb:31:in `call!'
/home/james/.rvm/gems/ruby-1.8.7-p334@todo-rails2/gems/shotgun-0.9/lib/shotgun/loader.rb:18:in `call'
/home/james/.rvm/gems/ruby-1.8.7-p334@todo-rails2/gems/shotgun-0.9/lib/shotgun/favicon.rb:12:in `call'
/home/james/.rvm/gems/ruby-1.8.7-p334@todo-rails2/gems/shotgun-0.9/lib/shotgun/static.rb:14:in `call'
/home/james/.rvm/gems/ruby-1.8.7-p334@todo-rails2/gems/rack-1.1.3/lib/rack/builder.rb:77:in `call'
/home/james/.rvm/gems/ruby-1.8.7-p334@todo-rails2/gems/rack-1.1.3/lib/rack/content_length.rb:13:in `call'
/home/james/.rvm/gems/ruby-1.8.7-p334@todo-rails2/gems/rack-1.1.3/lib/rack/handler/webrick.rb:48:in `service'
/home/james/.rvm/rubies/ruby-1.8.7-p334/lib/ruby/1.8/webrick/httpserver.rb:104:in `service'
/home/james/.rvm/rubies/ruby-1.8.7-p334/lib/ruby/1.8/webrick/httpserver.rb:65:in `run'
/home/james/.rvm/rubies/ruby-1.8.7-p334/lib/ruby/1.8/webrick/server.rb:173:in `start_thread'
/home/james/.rvm/rubies/ruby-1.8.7-p334/lib/ruby/1.8/webrick/server.rb:162:in `start'
/home/james/.rvm/rubies/ruby-1.8.7-p334/lib/ruby/1.8/webrick/server.rb:162:in `start_thread'
/home/james/.rvm/rubies/ruby-1.8.7-p334/lib/ruby/1.8/webrick/server.rb:95:in `start'
/home/james/.rvm/rubies/ruby-1.8.7-p334/lib/ruby/1.8/webrick/server.rb:92:in `each'
/home/james/.rvm/rubies/ruby-1.8.7-p334/lib/ruby/1.8/webrick/server.rb:92:in `start'
/home/james/.rvm/rubies/ruby-1.8.7-p334/lib/ruby/1.8/webrick/server.rb:23:in `start'
/home/james/.rvm/rubies/ruby-1.8.7-p334/lib/ruby/1.8/webrick/server.rb:82:in `start'
/home/james/.rvm/gems/ruby-1.8.7-p334@todo-rails2/gems/rack-1.1.3/lib/rack/handler/webrick.rb:14:in `run'
/home/james/.rvm/gems/ruby-1.8.7-p334@todo-rails2/gems/shotgun-0.9/bin/shotgun:156
/home/james/.rvm/gems/ruby-1.8.7-p334@todo-rails2/bin/shotgun:19:in `load'
/home/james/.rvm/gems/ruby-1.8.7-p334@todo-rails2/bin/shotgun:19
DEPRECATION WARNING: require "actionpack" is deprecated and will be removed in Rails 3. Use require "action_pack" instead. (called from /home/james/.rvm/gems/ruby-1.8.7-p334@todo-rails2/gems/actionpack-2.3.14/lib/actionpack.rb:2)
The {{key}} interpolation syntax in I18n messages is deprecated. Please use %{key} instead.
/home/james/.rvm/gems/ruby-1.8.7-p334@todo-rails2/gems/activesupport-2.3.14/lib/active_support/vendor/i18n-0.4.1/i18n/backend/base.rb:162:in `interpolate'
/home/james/.rvm/gems/ruby-1.8.7-p334@todo-rails2/gems/activesupport-2.3.14/lib/active_support/vendor/i18n-0.4.1/i18n/backend/base.rb:157:in `gsub'
/home/james/.rvm/gems/ruby-1.8.7-p334@todo-rails2/gems/activesupport-2.3.14/lib/active_support/vendor/i18n-0.4.1/i18n/backend/base.rb:157:in `interpolate'
/home/james/.rvm/gems/ruby-1.8.7-p334@todo-rails2/gems/activesupport-2.3.14/lib/active_support/vendor/i18n-0.4.1/i18n/backend/base.rb:197:in `preserve_encoding'
/home/james/.rvm/gems/ruby-1.8.7-p334@todo-rails2/gems/activesupport-2.3.14/lib/active_support/vendor/i18n-0.4.1/i18n/backend/base.rb:156:in `interpolate'
/home/james/.rvm/gems/ruby-1.8.7-p334@todo-rails2/gems/activesupport-2.3.14/lib/active_support/vendor/i18n-0.4.1/i18n/backend/base.rb:49:in `translate'
/home/james/.rvm/gems/ruby-1.8.7-p334@todo-rails2/gems/activesupport-2.3.14/lib/active_support/vendor/i18n-0.4.1/i18n.rb:152:in `t'
/home/james/.rvm/gems/ruby-1.8.7-p334@todo-rails2/gems/simple_form-1.0.2/lib/simple_form/form_builder.rb:221:in `button'
/home/james/ey/projects/todo-rails2/app/views/tasks/index.html.erb:47:in `_run_erb_app47views47tasks47index46html46erb'
/home/james/.rvm/gems/ruby-1.8.7-p334@todo-rails2/gems/actionpack-2.3.14/lib/action_view/helpers/form_helper.rb:499:in `fields_for'
/home/james/.rvm/gems/ruby-1.8.7-p334@todo-rails2/gems/actionpack-2.3.14/lib/action_view/helpers/form_helper.rb:282:in `form_for'
/home/james/.rvm/gems/ruby-1.8.7-p334@todo-rails2/gems/simple_form-1.0.2/lib/simple_form/action_view_extensions/form_helper.rb:24:in `simple_form_for'
/home/james/ey/projects/todo-rails2/app/views/tasks/index.html.erb:43:in `_run_erb_app47views47tasks47index46html46erb'
/home/james/.rvm/gems/ruby-1.8.7-p334@todo-rails2/gems/activerecord-2.3.14/lib/active_record/associations/association_collection.rb:392:in `method_missing'
/home/james/.rvm/gems/ruby-1.8.7-p334@todo-rails2/gems/activerecord-2.3.14/lib/active_record/associations/association_proxy.rb:215:in `each'
/home/james/.rvm/gems/ruby-1.8.7-p334@todo-rails2/gems/activerecord-2.3.14/lib/active_record/associations/association_proxy.rb:215:in `send'
/home/james/.rvm/gems/ruby-1.8.7-p334@todo-rails2/gems/activerecord-2.3.14/lib/active_record/associations/association_proxy.rb:215:in `method_missing'
/home/james/.rvm/gems/ruby-1.8.7-p334@todo-rails2/gems/activerecord-2.3.14/lib/active_record/associations/association_collection.rb:392:in `method_missing'
/home/james/ey/projects/todo-rails2/app/views/tasks/index.html.erb:40:in `_run_erb_app47views47tasks47index46html46erb'
/home/james/ey/projects/todo-rails2/app/views/tasks/index.html.erb:17:in `each'
/home/james/ey/projects/todo-rails2/app/views/tasks/index.html.erb:17:in `_run_erb_app47views47tasks47index46html46erb'
/home/james/.rvm/gems/ruby-1.8.7-p334@todo-rails2/gems/actionpack-2.3.14/lib/action_view/renderable.rb:34:in `send'
/home/james/.rvm/gems/ruby-1.8.7-p334@todo-rails2/gems/actionpack-2.3.14/lib/action_view/renderable.rb:34:in `render'
/home/james/.rvm/gems/ruby-1.8.7-p334@todo-rails2/gems/actionpack-2.3.14/lib/action_view/base.rb:306:in `with_template'
/home/james/.rvm/gems/ruby-1.8.7-p334@todo-rails2/gems/actionpack-2.3.14/lib/action_view/renderable.rb:30:in `render'
/home/james/.rvm/gems/ruby-1.8.7-p334@todo-rails2/gems/actionpack-2.3.14/lib/action_view/template.rb:205:in `render_template'
/home/james/.rvm/gems/ruby-1.8.7-p334@todo-rails2/gems/actionpack-2.3.14/lib/action_view/base.rb:265:in `render'
/home/james/.rvm/gems/ruby-1.8.7-p334@todo-rails2/gems/actionpack-2.3.14/lib/action_view/base.rb:348:in `_render_with_layout'
/home/james/.rvm/gems/ruby-1.8.7-p334@todo-rails2/gems/actionpack-2.3.14/lib/action_view/base.rb:262:in `render'
/home/james/.rvm/gems/ruby-1.8.7-p334@todo-rails2/gems/actionpack-2.3.14/lib/action_controller/base.rb:1252:in `render_for_file'
/home/james/.rvm/gems/ruby-1.8.7-p334@todo-rails2/gems/actionpack-2.3.14/lib/action_controller/base.rb:942:in `render_without_benchmark'
/home/james/.rvm/gems/ruby-1.8.7-p334@todo-rails2/gems/actionpack-2.3.14/lib/action_controller/benchmarking.rb:51:in `render'
/home/james/.rvm/gems/ruby-1.8.7-p334@todo-rails2/gems/activesupport-2.3.14/lib/active_support/core_ext/benchmark.rb:17:in `ms'
/home/james/.rvm/rubies/ruby-1.8.7-p334/lib/ruby/1.8/benchmark.rb:308:in `realtime'
/home/james/.rvm/gems/ruby-1.8.7-p334@todo-rails2/gems/activesupport-2.3.14/lib/active_support/core_ext/benchmark.rb:17:in `ms'
/home/james/.rvm/gems/ruby-1.8.7-p334@todo-rails2/gems/actionpack-2.3.14/lib/action_controller/benchmarking.rb:51:in `render'
/home/james/.rvm/gems/ruby-1.8.7-p334@todo-rails2/gems/actionpack-2.3.14/lib/action_controller/mime_responds.rb:135:in `send'
/home/james/.rvm/gems/ruby-1.8.7-p334@todo-rails2/gems/actionpack-2.3.14/lib/action_controller/mime_responds.rb:135:in `custom'
/home/james/.rvm/gems/ruby-1.8.7-p334@todo-rails2/gems/actionpack-2.3.14/lib/action_controller/mime_responds.rb:179:in `call'
/home/james/.rvm/gems/ruby-1.8.7-p334@todo-rails2/gems/actionpack-2.3.14/lib/action_controller/mime_responds.rb:179:in `respond'
/home/james/.rvm/gems/ruby-1.8.7-p334@todo-rails2/gems/actionpack-2.3.14/lib/action_controller/mime_responds.rb:173:in `each'
/home/james/.rvm/gems/ruby-1.8.7-p334@todo-rails2/gems/actionpack-2.3.14/lib/action_controller/mime_responds.rb:173:in `respond'
/home/james/.rvm/gems/ruby-1.8.7-p334@todo-rails2/gems/actionpack-2.3.14/lib/action_controller/mime_responds.rb:107:in `respond_to'
/home/james/ey/projects/todo-rails2/app/controllers/tasks_controller.rb:10:in `index'
/home/james/.rvm/gems/ruby-1.8.7-p334@todo-rails2/gems/actionpack-2.3.14/lib/action_controller/base.rb:1333:in `send'
/home/james/.rvm/gems/ruby-1.8.7-p334@todo-rails2/gems/actionpack-2.3.14/lib/action_controller/base.rb:1333:in `perform_action_without_filters'
/home/james/.rvm/gems/ruby-1.8.7-p334@todo-rails2/gems/actionpack-2.3.14/lib/action_controller/filters.rb:617:in `call_filters'
/home/james/.rvm/gems/ruby-1.8.7-p334@todo-rails2/gems/actionpack-2.3.14/lib/action_controller/filters.rb:610:in `perform_action_without_benchmark'
/home/james/.rvm/gems/ruby-1.8.7-p334@todo-rails2/gems/actionpack-2.3.14/lib/action_controller/benchmarking.rb:68:in `perform_action_without_rescue'
/home/james/.rvm/gems/ruby-1.8.7-p334@todo-rails2/gems/activesupport-2.3.14/lib/active_support/core_ext/benchmark.rb:17:in `ms'
/home/james/.rvm/rubies/ruby-1.8.7-p334/lib/ruby/1.8/benchmark.rb:308:in `realtime'
/home/james/.rvm/gems/ruby-1.8.7-p334@todo-rails2/gems/activesupport-2.3.14/lib/active_support/core_ext/benchmark.rb:17:in `ms'
/home/james/.rvm/gems/ruby-1.8.7-p334@todo-rails2/gems/actionpack-2.3.14/lib/action_controller/benchmarking.rb:68:in `perform_action_without_rescue'
/home/james/.rvm/gems/ruby-1.8.7-p334@todo-rails2/gems/actionpack-2.3.14/lib/action_controller/rescue.rb:160:in `perform_action_without_flash'
/home/james/.rvm/gems/ruby-1.8.7-p334@todo-rails2/gems/actionpack-2.3.14/lib/action_controller/flash.rb:151:in `perform_action'
/home/james/.rvm/gems/ruby-1.8.7-p334@todo-rails2/gems/actionpack-2.3.14/lib/action_controller/base.rb:532:in `send'
/home/james/.rvm/gems/ruby-1.8.7-p334@todo-rails2/gems/actionpack-2.3.14/lib/action_controller/base.rb:532:in `process_without_filters'
/home/james/.rvm/gems/ruby-1.8.7-p334@todo-rails2/gems/actionpack-2.3.14/lib/action_controller/filters.rb:606:in `process'
/home/james/.rvm/gems/ruby-1.8.7-p334@todo-rails2/gems/actionpack-2.3.14/lib/action_controller/base.rb:391:in `process'
/home/james/.rvm/gems/ruby-1.8.7-p334@todo-rails2/gems/actionpack-2.3.14/lib/action_controller/base.rb:386:in `call'
/home/james/.rvm/gems/ruby-1.8.7-p334@todo-rails2/gems/actionpack-2.3.14/lib/action_controller/routing/route_set.rb:438:in `call'
/home/james/.rvm/gems/ruby-1.8.7-p334@todo-rails2/gems/actionpack-2.3.14/lib/action_controller/dispatcher.rb:87:in `dispatch'
/home/james/.rvm/gems/ruby-1.8.7-p334@todo-rails2/gems/actionpack-2.3.14/lib/action_controller/dispatcher.rb:121:in `_call'
/home/james/.rvm/gems/ruby-1.8.7-p334@todo-rails2/gems/actionpack-2.3.14/lib/action_controller/dispatcher.rb:130:in `build_middleware_stack'
/home/james/.rvm/gems/ruby-1.8.7-p334@todo-rails2/gems/activerecord-2.3.14/lib/active_record/query_cache.rb:29:in `call'
/home/james/.rvm/gems/ruby-1.8.7-p334@todo-rails2/gems/activerecord-2.3.14/lib/active_record/query_cache.rb:29:in `call'
/home/james/.rvm/gems/ruby-1.8.7-p334@todo-rails2/gems/activerecord-2.3.14/lib/active_record/connection_adapters/abstract/query_cache.rb:34:in `cache'
/home/james/.rvm/gems/ruby-1.8.7-p334@todo-rails2/gems/activerecord-2.3.14/lib/active_record/query_cache.rb:9:in `cache'
/home/james/.rvm/gems/ruby-1.8.7-p334@todo-rails2/gems/activerecord-2.3.14/lib/active_record/query_cache.rb:28:in `call'
/home/james/.rvm/gems/ruby-1.8.7-p334@todo-rails2/gems/activerecord-2.3.14/lib/active_record/connection_adapters/abstract/connection_pool.rb:361:in `call'
/home/james/.rvm/gems/ruby-1.8.7-p334@todo-rails2/gems/actionpack-2.3.14/lib/action_controller/string_coercion.rb:25:in `call'
/home/james/.rvm/gems/ruby-1.8.7-p334@todo-rails2/gems/rack-1.1.3/lib/rack/head.rb:9:in `call'
/home/james/.rvm/gems/ruby-1.8.7-p334@todo-rails2/gems/rack-1.1.3/lib/rack/methodoverride.rb:24:in `call'
/home/james/.rvm/gems/ruby-1.8.7-p334@todo-rails2/gems/actionpack-2.3.14/lib/action_controller/params_parser.rb:15:in `call'
/home/james/.rvm/gems/ruby-1.8.7-p334@todo-rails2/gems/actionpack-2.3.14/lib/action_controller/session/cookie_store.rb:99:in `call'
/home/james/.rvm/gems/ruby-1.8.7-p334@todo-rails2/gems/actionpack-2.3.14/lib/action_controller/failsafe.rb:26:in `call'
/home/james/.rvm/gems/ruby-1.8.7-p334@todo-rails2/gems/rack-1.1.3/lib/rack/lock.rb:11:in `call'
/home/james/.rvm/gems/ruby-1.8.7-p334@todo-rails2/gems/rack-1.1.3/lib/rack/lock.rb:11:in `synchronize'
/home/james/.rvm/gems/ruby-1.8.7-p334@todo-rails2/gems/rack-1.1.3/lib/rack/lock.rb:11:in `call'
/home/james/.rvm/gems/ruby-1.8.7-p334@todo-rails2/gems/actionpack-2.3.14/lib/action_controller/dispatcher.rb:106:in `call'
/home/james/.rvm/gems/ruby-1.8.7-p334@todo-rails2/gems/shotgun-0.9/lib/shotgun/loader.rb:86:in `proceed_as_child'
/home/james/.rvm/gems/ruby-1.8.7-p334@todo-rails2/gems/shotgun-0.9/lib/shotgun/loader.rb:31:in `call!'
/home/james/.rvm/gems/ruby-1.8.7-p334@todo-rails2/gems/shotgun-0.9/lib/shotgun/loader.rb:18:in `call'
/home/james/.rvm/gems/ruby-1.8.7-p334@todo-rails2/gems/shotgun-0.9/lib/shotgun/favicon.rb:12:in `call'
/home/james/.rvm/gems/ruby-1.8.7-p334@todo-rails2/gems/shotgun-0.9/lib/shotgun/static.rb:14:in `call'
/home/james/.rvm/gems/ruby-1.8.7-p334@todo-rails2/gems/rack-1.1.3/lib/rack/builder.rb:77:in `call'
/home/james/.rvm/gems/ruby-1.8.7-p334@todo-rails2/gems/rack-1.1.3/lib/rack/content_length.rb:13:in `call'
/home/james/.rvm/gems/ruby-1.8.7-p334@todo-rails2/gems/rack-1.1.3/lib/rack/handler/webrick.rb:48:in `service'
/home/james/.rvm/rubies/ruby-1.8.7-p334/lib/ruby/1.8/webrick/httpserver.rb:104:in `service'
/home/james/.rvm/rubies/ruby-1.8.7-p334/lib/ruby/1.8/webrick/httpserver.rb:65:in `run'
/home/james/.rvm/rubies/ruby-1.8.7-p334/lib/ruby/1.8/webrick/server.rb:173:in `start_thread'
/home/james/.rvm/rubies/ruby-1.8.7-p334/lib/ruby/1.8/webrick/server.rb:162:in `start'
/home/james/.rvm/rubies/ruby-1.8.7-p334/lib/ruby/1.8/webrick/server.rb:162:in `start_thread'
/home/james/.rvm/rubies/ruby-1.8.7-p334/lib/ruby/1.8/webrick/server.rb:95:in `start'
/home/james/.rvm/rubies/ruby-1.8.7-p334/lib/ruby/1.8/webrick/server.rb:92:in `each'
/home/james/.rvm/rubies/ruby-1.8.7-p334/lib/ruby/1.8/webrick/server.rb:92:in `start'
/home/james/.rvm/rubies/ruby-1.8.7-p334/lib/ruby/1.8/webrick/server.rb:23:in `start'
/home/james/.rvm/rubies/ruby-1.8.7-p334/lib/ruby/1.8/webrick/server.rb:82:in `start'
/home/james/.rvm/gems/ruby-1.8.7-p334@todo-rails2/gems/rack-1.1.3/lib/rack/handler/webrick.rb:14:in `run'
/home/james/.rvm/gems/ruby-1.8.7-p334@todo-rails2/gems/shotgun-0.9/bin/shotgun:156
/home/james/.rvm/gems/ruby-1.8.7-p334@todo-rails2/bin/shotgun:19:in `load'
/home/james/.rvm/gems/ruby-1.8.7-p334@todo-rails2/bin/shotgun:19
DEPRECATION WARNING: require "actionpack" is deprecated and will be removed in Rails 3. Use require "action_pack" instead. (called from /home/james/.rvm/gems/ruby-1.8.7-p334@todo-rails2/gems/actionpack-2.3.14/lib/actionpack.rb:2)
The {{key}} interpolation syntax in I18n messages is deprecated. Please use %{key} instead.
/home/james/.rvm/gems/ruby-1.8.7-p334@todo-rails2/gems/activesupport-2.3.14/lib/active_support/vendor/i18n-0.4.1/i18n/backend/base.rb:162:in `interpolate'
/home/james/.rvm/gems/ruby-1.8.7-p334@todo-rails2/gems/activesupport-2.3.14/lib/active_support/vendor/i18n-0.4.1/i18n/backend/base.rb:157:in `gsub'
/home/james/.rvm/gems/ruby-1.8.7-p334@todo-rails2/gems/activesupport-2.3.14/lib/active_support/vendor/i18n-0.4.1/i18n/backend/base.rb:157:in `interpolate'
/home/james/.rvm/gems/ruby-1.8.7-p334@todo-rails2/gems/activesupport-2.3.14/lib/active_support/vendor/i18n-0.4.1/i18n/backend/base.rb:197:in `preserve_encoding'
/home/james/.rvm/gems/ruby-1.8.7-p334@todo-rails2/gems/activesupport-2.3.14/lib/active_support/vendor/i18n-0.4.1/i18n/backend/base.rb:156:in `interpolate'
/home/james/.rvm/gems/ruby-1.8.7-p334@todo-rails2/gems/activesupport-2.3.14/lib/active_support/vendor/i18n-0.4.1/i18n/backend/base.rb:49:in `translate'
/home/james/.rvm/gems/ruby-1.8.7-p334@todo-rails2/gems/activesupport-2.3.14/lib/active_support/vendor/i18n-0.4.1/i18n.rb:152:in `t'
/home/james/.rvm/gems/ruby-1.8.7-p334@todo-rails2/gems/simple_form-1.0.2/lib/simple_form/form_builder.rb:221:in `button'
/home/james/ey/projects/todo-rails2/app/views/tasks/index.html.erb:47:in `_run_erb_app47views47tasks47index46html46erb'
/home/james/.rvm/gems/ruby-1.8.7-p334@todo-rails2/gems/actionpack-2.3.14/lib/action_view/helpers/form_helper.rb:499:in `fields_for'
/home/james/.rvm/gems/ruby-1.8.7-p334@todo-rails2/gems/actionpack-2.3.14/lib/action_view/helpers/form_helper.rb:282:in `form_for'
/home/james/.rvm/gems/ruby-1.8.7-p334@todo-rails2/gems/simple_form-1.0.2/lib/simple_form/action_view_extensions/form_helper.rb:24:in `simple_form_for'
/home/james/ey/projects/todo-rails2/app/views/tasks/index.html.erb:43:in `_run_erb_app47views47tasks47index46html46erb'
/home/james/.rvm/gems/ruby-1.8.7-p334@todo-rails2/gems/activerecord-2.3.14/lib/active_record/associations/association_collection.rb:392:in `method_missing'
/home/james/.rvm/gems/ruby-1.8.7-p334@todo-rails2/gems/activerecord-2.3.14/lib/active_record/associations/association_proxy.rb:215:in `each'
/home/james/.rvm/gems/ruby-1.8.7-p334@todo-rails2/gems/activerecord-2.3.14/lib/active_record/associations/association_proxy.rb:215:in `send'
/home/james/.rvm/gems/ruby-1.8.7-p334@todo-rails2/gems/activerecord-2.3.14/lib/active_record/associations/association_proxy.rb:215:in `method_missing'
/home/james/.rvm/gems/ruby-1.8.7-p334@todo-rails2/gems/activerecord-2.3.14/lib/active_record/associations/association_collection.rb:392:in `method_missing'
/home/james/ey/projects/todo-rails2/app/views/tasks/index.html.erb:40:in `_run_erb_app47views47tasks47index46html46erb'
/home/james/ey/projects/todo-rails2/app/views/tasks/index.html.erb:17:in `each'
/home/james/ey/projects/todo-rails2/app/views/tasks/index.html.erb:17:in `_run_erb_app47views47tasks47index46html46erb'
/home/james/.rvm/gems/ruby-1.8.7-p334@todo-rails2/gems/actionpack-2.3.14/lib/action_view/renderable.rb:34:in `send'
/home/james/.rvm/gems/ruby-1.8.7-p334@todo-rails2/gems/actionpack-2.3.14/lib/action_view/renderable.rb:34:in `render'
/home/james/.rvm/gems/ruby-1.8.7-p334@todo-rails2/gems/actionpack-2.3.14/lib/action_view/base.rb:306:in `with_template'
/home/james/.rvm/gems/ruby-1.8.7-p334@todo-rails2/gems/actionpack-2.3.14/lib/action_view/renderable.rb:30:in `render'
/home/james/.rvm/gems/ruby-1.8.7-p334@todo-rails2/gems/actionpack-2.3.14/lib/action_view/template.rb:205:in `render_template'
/home/james/.rvm/gems/ruby-1.8.7-p334@todo-rails2/gems/actionpack-2.3.14/lib/action_view/base.rb:265:in `render'
/home/james/.rvm/gems/ruby-1.8.7-p334@todo-rails2/gems/actionpack-2.3.14/lib/action_view/base.rb:348:in `_render_with_layout'
/home/james/.rvm/gems/ruby-1.8.7-p334@todo-rails2/gems/actionpack-2.3.14/lib/action_view/base.rb:262:in `render'
/home/james/.rvm/gems/ruby-1.8.7-p334@todo-rails2/gems/actionpack-2.3.14/lib/action_controller/base.rb:1252:in `render_for_file'
/home/james/.rvm/gems/ruby-1.8.7-p334@todo-rails2/gems/actionpack-2.3.14/lib/action_controller/base.rb:942:in `render_without_benchmark'
/home/james/.rvm/gems/ruby-1.8.7-p334@todo-rails2/gems/actionpack-2.3.14/lib/action_controller/benchmarking.rb:51:in `render'
/home/james/.rvm/gems/ruby-1.8.7-p334@todo-rails2/gems/activesupport-2.3.14/lib/active_support/core_ext/benchmark.rb:17:in `ms'
/home/james/.rvm/rubies/ruby-1.8.7-p334/lib/ruby/1.8/benchmark.rb:308:in `realtime'
/home/james/.rvm/gems/ruby-1.8.7-p334@todo-rails2/gems/activesupport-2.3.14/lib/active_support/core_ext/benchmark.rb:17:in `ms'
/home/james/.rvm/gems/ruby-1.8.7-p334@todo-rails2/gems/actionpack-2.3.14/lib/action_controller/benchmarking.rb:51:in `render'
/home/james/.rvm/gems/ruby-1.8.7-p334@todo-rails2/gems/actionpack-2.3.14/lib/action_controller/mime_responds.rb:135:in `send'
/home/james/.rvm/gems/ruby-1.8.7-p334@todo-rails2/gems/actionpack-2.3.14/lib/action_controller/mime_responds.rb:135:in `custom'
/home/james/.rvm/gems/ruby-1.8.7-p334@todo-rails2/gems/actionpack-2.3.14/lib/action_controller/mime_responds.rb:179:in `call'
/home/james/.rvm/gems/ruby-1.8.7-p334@todo-rails2/gems/actionpack-2.3.14/lib/action_controller/mime_responds.rb:179:in `respond'
/home/james/.rvm/gems/ruby-1.8.7-p334@todo-rails2/gems/actionpack-2.3.14/lib/action_controller/mime_responds.rb:173:in `each'
/home/james/.rvm/gems/ruby-1.8.7-p334@todo-rails2/gems/actionpack-2.3.14/lib/action_controller/mime_responds.rb:173:in `respond'
/home/james/.rvm/gems/ruby-1.8.7-p334@todo-rails2/gems/actionpack-2.3.14/lib/action_controller/mime_responds.rb:107:in `respond_to'
/home/james/ey/projects/todo-rails2/app/controllers/tasks_controller.rb:10:in `index'
/home/james/.rvm/gems/ruby-1.8.7-p334@todo-rails2/gems/actionpack-2.3.14/lib/action_controller/base.rb:1333:in `send'
/home/james/.rvm/gems/ruby-1.8.7-p334@todo-rails2/gems/actionpack-2.3.14/lib/action_controller/base.rb:1333:in `perform_action_without_filters'
/home/james/.rvm/gems/ruby-1.8.7-p334@todo-rails2/gems/actionpack-2.3.14/lib/action_controller/filters.rb:617:in `call_filters'
/home/james/.rvm/gems/ruby-1.8.7-p334@todo-rails2/gems/actionpack-2.3.14/lib/action_controller/filters.rb:610:in `perform_action_without_benchmark'
/home/james/.rvm/gems/ruby-1.8.7-p334@todo-rails2/gems/actionpack-2.3.14/lib/action_controller/benchmarking.rb:68:in `perform_action_without_rescue'
/home/james/.rvm/gems/ruby-1.8.7-p334@todo-rails2/gems/activesupport-2.3.14/lib/active_support/core_ext/benchmark.rb:17:in `ms'
/home/james/.rvm/rubies/ruby-1.8.7-p334/lib/ruby/1.8/benchmark.rb:308:in `realtime'
/home/james/.rvm/gems/ruby-1.8.7-p334@todo-rails2/gems/activesupport-2.3.14/lib/active_support/core_ext/benchmark.rb:17:in `ms'
/home/james/.rvm/gems/ruby-1.8.7-p334@todo-rails2/gems/actionpack-2.3.14/lib/action_controller/benchmarking.rb:68:in `perform_action_without_rescue'
/home/james/.rvm/gems/ruby-1.8.7-p334@todo-rails2/gems/actionpack-2.3.14/lib/action_controller/rescue.rb:160:in `perform_action_without_flash'
/home/james/.rvm/gems/ruby-1.8.7-p334@todo-rails2/gems/actionpack-2.3.14/lib/action_controller/flash.rb:151:in `perform_action'
/home/james/.rvm/gems/ruby-1.8.7-p334@todo-rails2/gems/actionpack-2.3.14/lib/action_controller/base.rb:532:in `send'
/home/james/.rvm/gems/ruby-1.8.7-p334@todo-rails2/gems/actionpack-2.3.14/lib/action_controller/base.rb:532:in `process_without_filters'
/home/james/.rvm/gems/ruby-1.8.7-p334@todo-rails2/gems/actionpack-2.3.14/lib/action_controller/filters.rb:606:in `process'
/home/james/.rvm/gems/ruby-1.8.7-p334@todo-rails2/gems/actionpack-2.3.14/lib/action_controller/base.rb:391:in `process'
/home/james/.rvm/gems/ruby-1.8.7-p334@todo-rails2/gems/actionpack-2.3.14/lib/action_controller/base.rb:386:in `call'
/home/james/.rvm/gems/ruby-1.8.7-p334@todo-rails2/gems/actionpack-2.3.14/lib/action_controller/routing/route_set.rb:438:in `call'
/home/james/.rvm/gems/ruby-1.8.7-p334@todo-rails2/gems/actionpack-2.3.14/lib/action_controller/dispatcher.rb:87:in `dispatch'
/home/james/.rvm/gems/ruby-1.8.7-p334@todo-rails2/gems/actionpack-2.3.14/lib/action_controller/dispatcher.rb:121:in `_call'
/home/james/.rvm/gems/ruby-1.8.7-p334@todo-rails2/gems/actionpack-2.3.14/lib/action_controller/dispatcher.rb:130:in `build_middleware_stack'
/home/james/.rvm/gems/ruby-1.8.7-p334@todo-rails2/gems/activerecord-2.3.14/lib/active_record/query_cache.rb:29:in `call'
/home/james/.rvm/gems/ruby-1.8.7-p334@todo-rails2/gems/activerecord-2.3.14/lib/active_record/query_cache.rb:29:in `call'
/home/james/.rvm/gems/ruby-1.8.7-p334@todo-rails2/gems/activerecord-2.3.14/lib/active_record/connection_adapters/abstract/query_cache.rb:34:in `cache'
/home/james/.rvm/gems/ruby-1.8.7-p334@todo-rails2/gems/activerecord-2.3.14/lib/active_record/query_cache.rb:9:in `cache'
/home/james/.rvm/gems/ruby-1.8.7-p334@todo-rails2/gems/activerecord-2.3.14/lib/active_record/query_cache.rb:28:in `call'
/home/james/.rvm/gems/ruby-1.8.7-p334@todo-rails2/gems/activerecord-2.3.14/lib/active_record/connection_adapters/abstract/connection_pool.rb:361:in `call'
/home/james/.rvm/gems/ruby-1.8.7-p334@todo-rails2/gems/actionpack-2.3.14/lib/action_controller/string_coercion.rb:25:in `call'
/home/james/.rvm/gems/ruby-1.8.7-p334@todo-rails2/gems/rack-1.1.3/lib/rack/head.rb:9:in `call'
/home/james/.rvm/gems/ruby-1.8.7-p334@todo-rails2/gems/rack-1.1.3/lib/rack/methodoverride.rb:24:in `call'
/home/james/.rvm/gems/ruby-1.8.7-p334@todo-rails2/gems/actionpack-2.3.14/lib/action_controller/params_parser.rb:15:in `call'
/home/james/.rvm/gems/ruby-1.8.7-p334@todo-rails2/gems/actionpack-2.3.14/lib/action_controller/session/cookie_store.rb:99:in `call'
/home/james/.rvm/gems/ruby-1.8.7-p334@todo-rails2/gems/actionpack-2.3.14/lib/action_controller/failsafe.rb:26:in `call'
/home/james/.rvm/gems/ruby-1.8.7-p334@todo-rails2/gems/rack-1.1.3/lib/rack/lock.rb:11:in `call'
/home/james/.rvm/gems/ruby-1.8.7-p334@todo-rails2/gems/rack-1.1.3/lib/rack/lock.rb:11:in `synchronize'
/home/james/.rvm/gems/ruby-1.8.7-p334@todo-rails2/gems/rack-1.1.3/lib/rack/lock.rb:11:in `call'
/home/james/.rvm/gems/ruby-1.8.7-p334@todo-rails2/gems/actionpack-2.3.14/lib/action_controller/dispatcher.rb:106:in `call'
/home/james/.rvm/gems/ruby-1.8.7-p334@todo-rails2/gems/shotgun-0.9/lib/shotgun/loader.rb:86:in `proceed_as_child'
/home/james/.rvm/gems/ruby-1.8.7-p334@todo-rails2/gems/shotgun-0.9/lib/shotgun/loader.rb:31:in `call!'
/home/james/.rvm/gems/ruby-1.8.7-p334@todo-rails2/gems/shotgun-0.9/lib/shotgun/loader.rb:18:in `call'
/home/james/.rvm/gems/ruby-1.8.7-p334@todo-rails2/gems/shotgun-0.9/lib/shotgun/favicon.rb:12:in `call'
/home/james/.rvm/gems/ruby-1.8.7-p334@todo-rails2/gems/shotgun-0.9/lib/shotgun/static.rb:14:in `call'
/home/james/.rvm/gems/ruby-1.8.7-p334@todo-rails2/gems/rack-1.1.3/lib/rack/builder.rb:77:in `call'
/home/james/.rvm/gems/ruby-1.8.7-p334@todo-rails2/gems/rack-1.1.3/lib/rack/content_length.rb:13:in `call'
/home/james/.rvm/gems/ruby-1.8.7-p334@todo-rails2/gems/rack-1.1.3/lib/rack/handler/webrick.rb:48:in `service'
/home/james/.rvm/rubies/ruby-1.8.7-p334/lib/ruby/1.8/webrick/httpserver.rb:104:in `service'
/home/james/.rvm/rubies/ruby-1.8.7-p334/lib/ruby/1.8/webrick/httpserver.rb:65:in `run'
/home/james/.rvm/rubies/ruby-1.8.7-p334/lib/ruby/1.8/webrick/server.rb:173:in `start_thread'
/home/james/.rvm/rubies/ruby-1.8.7-p334/lib/ruby/1.8/webrick/server.rb:162:in `start'
/home/james/.rvm/rubies/ruby-1.8.7-p334/lib/ruby/1.8/webrick/server.rb:162:in `start_thread'
/home/james/.rvm/rubies/ruby-1.8.7-p334/lib/ruby/1.8/webrick/server.rb:95:in `start'
/home/james/.rvm/rubies/ruby-1.8.7-p334/lib/ruby/1.8/webrick/server.rb:92:in `each'
/home/james/.rvm/rubies/ruby-1.8.7-p334/lib/ruby/1.8/webrick/server.rb:92:in `start'
/home/james/.rvm/rubies/ruby-1.8.7-p334/lib/ruby/1.8/webrick/server.rb:23:in `start'
/home/james/.rvm/rubies/ruby-1.8.7-p334/lib/ruby/1.8/webrick/server.rb:82:in `start'
/home/james/.rvm/gems/ruby-1.8.7-p334@todo-rails2/gems/rack-1.1.3/lib/rack/handler/webrick.rb:14:in `run'
/home/james/.rvm/gems/ruby-1.8.7-p334@todo-rails2/gems/shotgun-0.9/bin/shotgun:156
/home/james/.rvm/gems/ruby-1.8.7-p334@todo-rails2/bin/shotgun:19:in `load'
/home/james/.rvm/gems/ruby-1.8.7-p334@todo-rails2/bin/shotgun:19
DEPRECATION WARNING: require "actionpack" is deprecated and will be removed in Rails 3. Use require "action_pack" instead. (called from /home/james/.rvm/gems/ruby-1.8.7-p334@todo-rails2/gems/actionpack-2.3.14/lib/actionpack.rb:2)
DEPRECATION WARNING: require "actionpack" is deprecated and will be removed in Rails 3. Use require "action_pack" instead. (called from /home/james/.rvm/gems/ruby-1.8.7-p334@todo-rails2/gems/actionpack-2.3.14/lib/actionpack.rb:2)
The {{key}} interpolation syntax in I18n messages is deprecated. Please use %{key} instead.
/home/james/.rvm/gems/ruby-1.8.7-p334@todo-rails2/gems/activesupport-2.3.14/lib/active_support/vendor/i18n-0.4.1/i18n/backend/base.rb:162:in `interpolate'
/home/james/.rvm/gems/ruby-1.8.7-p334@todo-rails2/gems/activesupport-2.3.14/lib/active_support/vendor/i18n-0.4.1/i18n/backend/base.rb:157:in `gsub'
/home/james/.rvm/gems/ruby-1.8.7-p334@todo-rails2/gems/activesupport-2.3.14/lib/active_support/vendor/i18n-0.4.1/i18n/backend/base.rb:157:in `interpolate'
/home/james/.rvm/gems/ruby-1.8.7-p334@todo-rails2/gems/activesupport-2.3.14/lib/active_support/vendor/i18n-0.4.1/i18n/backend/base.rb:197:in `preserve_encoding'
/home/james/.rvm/gems/ruby-1.8.7-p334@todo-rails2/gems/activesupport-2.3.14/lib/active_support/vendor/i18n-0.4.1/i18n/backend/base.rb:156:in `interpolate'
/home/james/.rvm/gems/ruby-1.8.7-p334@todo-rails2/gems/activesupport-2.3.14/lib/active_support/vendor/i18n-0.4.1/i18n/backend/base.rb:49:in `translate'
/home/james/.rvm/gems/ruby-1.8.7-p334@todo-rails2/gems/activesupport-2.3.14/lib/active_support/vendor/i18n-0.4.1/i18n.rb:152:in `t'
/home/james/.rvm/gems/ruby-1.8.7-p334@todo-rails2/gems/simple_form-1.0.2/lib/simple_form/form_builder.rb:221:in `button'
/home/james/ey/projects/todo-rails2/app/views/tasks/index.html.erb:47:in `_run_erb_app47views47tasks47index46html46erb'
/home/james/.rvm/gems/ruby-1.8.7-p334@todo-rails2/gems/actionpack-2.3.14/lib/action_view/helpers/form_helper.rb:499:in `fields_for'
/home/james/.rvm/gems/ruby-1.8.7-p334@todo-rails2/gems/actionpack-2.3.14/lib/action_view/helpers/form_helper.rb:282:in `form_for'
/home/james/.rvm/gems/ruby-1.8.7-p334@todo-rails2/gems/simple_form-1.0.2/lib/simple_form/action_view_extensions/form_helper.rb:24:in `simple_form_for'
/home/james/ey/projects/todo-rails2/app/views/tasks/index.html.erb:43:in `_run_erb_app47views47tasks47index46html46erb'
/home/james/.rvm/gems/ruby-1.8.7-p334@todo-rails2/gems/activerecord-2.3.14/lib/active_record/associations/association_collection.rb:392:in `method_missing'
/home/james/.rvm/gems/ruby-1.8.7-p334@todo-rails2/gems/activerecord-2.3.14/lib/active_record/associations/association_proxy.rb:215:in `each'
/home/james/.rvm/gems/ruby-1.8.7-p334@todo-rails2/gems/activerecord-2.3.14/lib/active_record/associations/association_proxy.rb:215:in `send'
/home/james/.rvm/gems/ruby-1.8.7-p334@todo-rails2/gems/activerecord-2.3.14/lib/active_record/associations/association_proxy.rb:215:in `method_missing'
/home/james/.rvm/gems/ruby-1.8.7-p334@todo-rails2/gems/activerecord-2.3.14/lib/active_record/associations/association_collection.rb:392:in `method_missing'
/home/james/ey/projects/todo-rails2/app/views/tasks/index.html.erb:40:in `_run_erb_app47views47tasks47index46html46erb'
/home/james/ey/projects/todo-rails2/app/views/tasks/index.html.erb:17:in `each'
/home/james/ey/projects/todo-rails2/app/views/tasks/index.html.erb:17:in `_run_erb_app47views47tasks47index46html46erb'
/home/james/.rvm/gems/ruby-1.8.7-p334@todo-rails2/gems/actionpack-2.3.14/lib/action_view/renderable.rb:34:in `send'
/home/james/.rvm/gems/ruby-1.8.7-p334@todo-rails2/gems/actionpack-2.3.14/lib/action_view/renderable.rb:34:in `render'
/home/james/.rvm/gems/ruby-1.8.7-p334@todo-rails2/gems/actionpack-2.3.14/lib/action_view/base.rb:306:in `with_template'
/home/james/.rvm/gems/ruby-1.8.7-p334@todo-rails2/gems/actionpack-2.3.14/lib/action_view/renderable.rb:30:in `render'
/home/james/.rvm/gems/ruby-1.8.7-p334@todo-rails2/gems/actionpack-2.3.14/lib/action_view/template.rb:205:in `render_template'
/home/james/.rvm/gems/ruby-1.8.7-p334@todo-rails2/gems/actionpack-2.3.14/lib/action_view/base.rb:265:in `render'
/home/james/.rvm/gems/ruby-1.8.7-p334@todo-rails2/gems/actionpack-2.3.14/lib/action_view/base.rb:348:in `_render_with_layout'
/home/james/.rvm/gems/ruby-1.8.7-p334@todo-rails2/gems/actionpack-2.3.14/lib/action_view/base.rb:262:in `render'
/home/james/.rvm/gems/ruby-1.8.7-p334@todo-rails2/gems/actionpack-2.3.14/lib/action_controller/base.rb:1252:in `render_for_file'
/home/james/.rvm/gems/ruby-1.8.7-p334@todo-rails2/gems/actionpack-2.3.14/lib/action_controller/base.rb:942:in `render_without_benchmark'
/home/james/.rvm/gems/ruby-1.8.7-p334@todo-rails2/gems/actionpack-2.3.14/lib/action_controller/benchmarking.rb:51:in `render'
/home/james/.rvm/gems/ruby-1.8.7-p334@todo-rails2/gems/activesupport-2.3.14/lib/active_support/core_ext/benchmark.rb:17:in `ms'
/home/james/.rvm/rubies/ruby-1.8.7-p334/lib/ruby/1.8/benchmark.rb:308:in `realtime'
/home/james/.rvm/gems/ruby-1.8.7-p334@todo-rails2/gems/activesupport-2.3.14/lib/active_support/core_ext/benchmark.rb:17:in `ms'
/home/james/.rvm/gems/ruby-1.8.7-p334@todo-rails2/gems/actionpack-2.3.14/lib/action_controller/benchmarking.rb:51:in `render'
/home/james/.rvm/gems/ruby-1.8.7-p334@todo-rails2/gems/actionpack-2.3.14/lib/action_controller/mime_responds.rb:135:in `send'
/home/james/.rvm/gems/ruby-1.8.7-p334@todo-rails2/gems/actionpack-2.3.14/lib/action_controller/mime_responds.rb:135:in `custom'
/home/james/.rvm/gems/ruby-1.8.7-p334@todo-rails2/gems/actionpack-2.3.14/lib/action_controller/mime_responds.rb:179:in `call'
/home/james/.rvm/gems/ruby-1.8.7-p334@todo-rails2/gems/actionpack-2.3.14/lib/action_controller/mime_responds.rb:179:in `respond'
/home/james/.rvm/gems/ruby-1.8.7-p334@todo-rails2/gems/actionpack-2.3.14/lib/action_controller/mime_responds.rb:173:in `each'
/home/james/.rvm/gems/ruby-1.8.7-p334@todo-rails2/gems/actionpack-2.3.14/lib/action_controller/mime_responds.rb:173:in `respond'
/home/james/.rvm/gems/ruby-1.8.7-p334@todo-rails2/gems/actionpack-2.3.14/lib/action_controller/mime_responds.rb:107:in `respond_to'
/home/james/ey/projects/todo-rails2/app/controllers/tasks_controller.rb:10:in `index'
/home/james/.rvm/gems/ruby-1.8.7-p334@todo-rails2/gems/actionpack-2.3.14/lib/action_controller/base.rb:1333:in `send'
/home/james/.rvm/gems/ruby-1.8.7-p334@todo-rails2/gems/actionpack-2.3.14/lib/action_controller/base.rb:1333:in `perform_action_without_filters'
/home/james/.rvm/gems/ruby-1.8.7-p334@todo-rails2/gems/actionpack-2.3.14/lib/action_controller/filters.rb:617:in `call_filters'
/home/james/.rvm/gems/ruby-1.8.7-p334@todo-rails2/gems/actionpack-2.3.14/lib/action_controller/filters.rb:610:in `perform_action_without_benchmark'
/home/james/.rvm/gems/ruby-1.8.7-p334@todo-rails2/gems/actionpack-2.3.14/lib/action_controller/benchmarking.rb:68:in `perform_action_without_rescue'
/home/james/.rvm/gems/ruby-1.8.7-p334@todo-rails2/gems/activesupport-2.3.14/lib/active_support/core_ext/benchmark.rb:17:in `ms'
/home/james/.rvm/rubies/ruby-1.8.7-p334/lib/ruby/1.8/benchmark.rb:308:in `realtime'
/home/james/.rvm/gems/ruby-1.8.7-p334@todo-rails2/gems/activesupport-2.3.14/lib/active_support/core_ext/benchmark.rb:17:in `ms'
/home/james/.rvm/gems/ruby-1.8.7-p334@todo-rails2/gems/actionpack-2.3.14/lib/action_controller/benchmarking.rb:68:in `perform_action_without_rescue'
/home/james/.rvm/gems/ruby-1.8.7-p334@todo-rails2/gems/actionpack-2.3.14/lib/action_controller/rescue.rb:160:in `perform_action_without_flash'
/home/james/.rvm/gems/ruby-1.8.7-p334@todo-rails2/gems/actionpack-2.3.14/lib/action_controller/flash.rb:151:in `perform_action'
/home/james/.rvm/gems/ruby-1.8.7-p334@todo-rails2/gems/actionpack-2.3.14/lib/action_controller/base.rb:532:in `send'
/home/james/.rvm/gems/ruby-1.8.7-p334@todo-rails2/gems/actionpack-2.3.14/lib/action_controller/base.rb:532:in `process_without_filters'
/home/james/.rvm/gems/ruby-1.8.7-p334@todo-rails2/gems/actionpack-2.3.14/lib/action_controller/filters.rb:606:in `process'
/home/james/.rvm/gems/ruby-1.8.7-p334@todo-rails2/gems/actionpack-2.3.14/lib/action_controller/base.rb:391:in `process'
/home/james/.rvm/gems/ruby-1.8.7-p334@todo-rails2/gems/actionpack-2.3.14/lib/action_controller/base.rb:386:in `call'
/home/james/.rvm/gems/ruby-1.8.7-p334@todo-rails2/gems/actionpack-2.3.14/lib/action_controller/routing/route_set.rb:438:in `call'
/home/james/.rvm/gems/ruby-1.8.7-p334@todo-rails2/gems/actionpack-2.3.14/lib/action_controller/dispatcher.rb:87:in `dispatch'
/home/james/.rvm/gems/ruby-1.8.7-p334@todo-rails2/gems/actionpack-2.3.14/lib/action_controller/dispatcher.rb:121:in `_call'
/home/james/.rvm/gems/ruby-1.8.7-p334@todo-rails2/gems/actionpack-2.3.14/lib/action_controller/dispatcher.rb:130:in `build_middleware_stack'
/home/james/.rvm/gems/ruby-1.8.7-p334@todo-rails2/gems/activerecord-2.3.14/lib/active_record/query_cache.rb:29:in `call'
/home/james/.rvm/gems/ruby-1.8.7-p334@todo-rails2/gems/activerecord-2.3.14/lib/active_record/query_cache.rb:29:in `call'
/home/james/.rvm/gems/ruby-1.8.7-p334@todo-rails2/gems/activerecord-2.3.14/lib/active_record/connection_adapters/abstract/query_cache.rb:34:in `cache'
/home/james/.rvm/gems/ruby-1.8.7-p334@todo-rails2/gems/activerecord-2.3.14/lib/active_record/query_cache.rb:9:in `cache'
/home/james/.rvm/gems/ruby-1.8.7-p334@todo-rails2/gems/activerecord-2.3.14/lib/active_record/query_cache.rb:28:in `call'
/home/james/.rvm/gems/ruby-1.8.7-p334@todo-rails2/gems/activerecord-2.3.14/lib/active_record/connection_adapters/abstract/connection_pool.rb:361:in `call'
/home/james/.rvm/gems/ruby-1.8.7-p334@todo-rails2/gems/actionpack-2.3.14/lib/action_controller/string_coercion.rb:25:in `call'
/home/james/.rvm/gems/ruby-1.8.7-p334@todo-rails2/gems/rack-1.1.3/lib/rack/head.rb:9:in `call'
/home/james/.rvm/gems/ruby-1.8.7-p334@todo-rails2/gems/rack-1.1.3/lib/rack/methodoverride.rb:24:in `call'
/home/james/.rvm/gems/ruby-1.8.7-p334@todo-rails2/gems/actionpack-2.3.14/lib/action_controller/params_parser.rb:15:in `call'
/home/james/.rvm/gems/ruby-1.8.7-p334@todo-rails2/gems/actionpack-2.3.14/lib/action_controller/session/cookie_store.rb:99:in `call'
/home/james/.rvm/gems/ruby-1.8.7-p334@todo-rails2/gems/actionpack-2.3.14/lib/action_controller/failsafe.rb:26:in `call'
/home/james/.rvm/gems/ruby-1.8.7-p334@todo-rails2/gems/rack-1.1.3/lib/rack/lock.rb:11:in `call'
/home/james/.rvm/gems/ruby-1.8.7-p334@todo-rails2/gems/rack-1.1.3/lib/rack/lock.rb:11:in `synchronize'
/home/james/.rvm/gems/ruby-1.8.7-p334@todo-rails2/gems/rack-1.1.3/lib/rack/lock.rb:11:in `call'
/home/james/.rvm/gems/ruby-1.8.7-p334@todo-rails2/gems/actionpack-2.3.14/lib/action_controller/dispatcher.rb:106:in `call'
/home/james/.rvm/gems/ruby-1.8.7-p334@todo-rails2/gems/shotgun-0.9/lib/shotgun/loader.rb:86:in `proceed_as_child'
/home/james/.rvm/gems/ruby-1.8.7-p334@todo-rails2/gems/shotgun-0.9/lib/shotgun/loader.rb:31:in `call!'
/home/james/.rvm/gems/ruby-1.8.7-p334@todo-rails2/gems/shotgun-0.9/lib/shotgun/loader.rb:18:in `call'
/home/james/.rvm/gems/ruby-1.8.7-p334@todo-rails2/gems/shotgun-0.9/lib/shotgun/favicon.rb:12:in `call'
/home/james/.rvm/gems/ruby-1.8.7-p334@todo-rails2/gems/shotgun-0.9/lib/shotgun/static.rb:14:in `call'
/home/james/.rvm/gems/ruby-1.8.7-p334@todo-rails2/gems/rack-1.1.3/lib/rack/builder.rb:77:in `call'
/home/james/.rvm/gems/ruby-1.8.7-p334@todo-rails2/gems/rack-1.1.3/lib/rack/content_length.rb:13:in `call'
/home/james/.rvm/gems/ruby-1.8.7-p334@todo-rails2/gems/rack-1.1.3/lib/rack/handler/webrick.rb:48:in `service'
/home/james/.rvm/rubies/ruby-1.8.7-p334/lib/ruby/1.8/webrick/httpserver.rb:104:in `service'
/home/james/.rvm/rubies/ruby-1.8.7-p334/lib/ruby/1.8/webrick/httpserver.rb:65:in `run'
/home/james/.rvm/rubies/ruby-1.8.7-p334/lib/ruby/1.8/webrick/server.rb:173:in `start_thread'
/home/james/.rvm/rubies/ruby-1.8.7-p334/lib/ruby/1.8/webrick/server.rb:162:in `start'
/home/james/.rvm/rubies/ruby-1.8.7-p334/lib/ruby/1.8/webrick/server.rb:162:in `start_thread'
/home/james/.rvm/rubies/ruby-1.8.7-p334/lib/ruby/1.8/webrick/server.rb:95:in `start'
/home/james/.rvm/rubies/ruby-1.8.7-p334/lib/ruby/1.8/webrick/server.rb:92:in `each'
/home/james/.rvm/rubies/ruby-1.8.7-p334/lib/ruby/1.8/webrick/server.rb:92:in `start'
/home/james/.rvm/rubies/ruby-1.8.7-p334/lib/ruby/1.8/webrick/server.rb:23:in `start'
/home/james/.rvm/rubies/ruby-1.8.7-p334/lib/ruby/1.8/webrick/server.rb:82:in `start'
/home/james/.rvm/gems/ruby-1.8.7-p334@todo-rails2/gems/rack-1.1.3/lib/rack/handler/webrick.rb:14:in `run'
/home/james/.rvm/gems/ruby-1.8.7-p334@todo-rails2/gems/shotgun-0.9/bin/shotgun:156
/home/james/.rvm/gems/ruby-1.8.7-p334@todo-rails2/bin/shotgun:19:in `load'
/home/james/.rvm/gems/ruby-1.8.7-p334@todo-rails2/bin/shotgun:19
DEPRECATION WARNING: require "actionpack" is deprecated and will be removed in Rails 3. Use require "action_pack" instead. (called from /home/james/.rvm/gems/ruby-1.8.7-p334@todo-rails2/gems/actionpack-2.3.14/lib/actionpack.rb:2)
DEPRECATION WARNING: require "actionpack" is deprecated and will be removed in Rails 3. Use require "action_pack" instead. (called from /home/james/.rvm/gems/ruby-1.8.7-p334@todo-rails2/gems/actionpack-2.3.14/lib/actionpack.rb:2)
The {{key}} interpolation syntax in I18n messages is deprecated. Please use %{key} instead.
/home/james/.rvm/gems/ruby-1.8.7-p334@todo-rails2/gems/activesupport-2.3.14/lib/active_support/vendor/i18n-0.4.1/i18n/backend/base.rb:162:in `interpolate'
/home/james/.rvm/gems/ruby-1.8.7-p334@todo-rails2/gems/activesupport-2.3.14/lib/active_support/vendor/i18n-0.4.1/i18n/backend/base.rb:157:in `gsub'
/home/james/.rvm/gems/ruby-1.8.7-p334@todo-rails2/gems/activesupport-2.3.14/lib/active_support/vendor/i18n-0.4.1/i18n/backend/base.rb:157:in `interpolate'
/home/james/.rvm/gems/ruby-1.8.7-p334@todo-rails2/gems/activesupport-2.3.14/lib/active_support/vendor/i18n-0.4.1/i18n/backend/base.rb:197:in `preserve_encoding'
/home/james/.rvm/gems/ruby-1.8.7-p334@todo-rails2/gems/activesupport-2.3.14/lib/active_support/vendor/i18n-0.4.1/i18n/backend/base.rb:156:in `interpolate'
/home/james/.rvm/gems/ruby-1.8.7-p334@todo-rails2/gems/activesupport-2.3.14/lib/active_support/vendor/i18n-0.4.1/i18n/backend/base.rb:49:in `translate'
/home/james/.rvm/gems/ruby-1.8.7-p334@todo-rails2/gems/activesupport-2.3.14/lib/active_support/vendor/i18n-0.4.1/i18n.rb:152:in `t'
/home/james/.rvm/gems/ruby-1.8.7-p334@todo-rails2/gems/simple_form-1.0.2/lib/simple_form/form_builder.rb:221:in `button'
/home/james/ey/projects/todo-rails2/app/views/tasks/index.html.erb:47:in `_run_erb_app47views47tasks47index46html46erb'
/home/james/.rvm/gems/ruby-1.8.7-p334@todo-rails2/gems/actionpack-2.3.14/lib/action_view/helpers/form_helper.rb:499:in `fields_for'
/home/james/.rvm/gems/ruby-1.8.7-p334@todo-rails2/gems/actionpack-2.3.14/lib/action_view/helpers/form_helper.rb:282:in `form_for'
/home/james/.rvm/gems/ruby-1.8.7-p334@todo-rails2/gems/simple_form-1.0.2/lib/simple_form/action_view_extensions/form_helper.rb:24:in `simple_form_for'
/home/james/ey/projects/todo-rails2/app/views/tasks/index.html.erb:43:in `_run_erb_app47views47tasks47index46html46erb'
/home/james/.rvm/gems/ruby-1.8.7-p334@todo-rails2/gems/activerecord-2.3.14/lib/active_record/associations/association_collection.rb:392:in `method_missing'
/home/james/.rvm/gems/ruby-1.8.7-p334@todo-rails2/gems/activerecord-2.3.14/lib/active_record/associations/association_proxy.rb:215:in `each'
/home/james/.rvm/gems/ruby-1.8.7-p334@todo-rails2/gems/activerecord-2.3.14/lib/active_record/associations/association_proxy.rb:215:in `send'
/home/james/.rvm/gems/ruby-1.8.7-p334@todo-rails2/gems/activerecord-2.3.14/lib/active_record/associations/association_proxy.rb:215:in `method_missing'
/home/james/.rvm/gems/ruby-1.8.7-p334@todo-rails2/gems/activerecord-2.3.14/lib/active_record/associations/association_collection.rb:392:in `method_missing'
/home/james/ey/projects/todo-rails2/app/views/tasks/index.html.erb:40:in `_run_erb_app47views47tasks47index46html46erb'
/home/james/ey/projects/todo-rails2/app/views/tasks/index.html.erb:17:in `each'
/home/james/ey/projects/todo-rails2/app/views/tasks/index.html.erb:17:in `_run_erb_app47views47tasks47index46html46erb'
/home/james/.rvm/gems/ruby-1.8.7-p334@todo-rails2/gems/actionpack-2.3.14/lib/action_view/renderable.rb:34:in `send'
/home/james/.rvm/gems/ruby-1.8.7-p334@todo-rails2/gems/actionpack-2.3.14/lib/action_view/renderable.rb:34:in `render'
/home/james/.rvm/gems/ruby-1.8.7-p334@todo-rails2/gems/actionpack-2.3.14/lib/action_view/base.rb:306:in `with_template'
/home/james/.rvm/gems/ruby-1.8.7-p334@todo-rails2/gems/actionpack-2.3.14/lib/action_view/renderable.rb:30:in `render'
/home/james/.rvm/gems/ruby-1.8.7-p334@todo-rails2/gems/actionpack-2.3.14/lib/action_view/template.rb:205:in `render_template'
/home/james/.rvm/gems/ruby-1.8.7-p334@todo-rails2/gems/actionpack-2.3.14/lib/action_view/base.rb:265:in `render'
/home/james/.rvm/gems/ruby-1.8.7-p334@todo-rails2/gems/actionpack-2.3.14/lib/action_view/base.rb:348:in `_render_with_layout'
/home/james/.rvm/gems/ruby-1.8.7-p334@todo-rails2/gems/actionpack-2.3.14/lib/action_view/base.rb:262:in `render'
/home/james/.rvm/gems/ruby-1.8.7-p334@todo-rails2/gems/actionpack-2.3.14/lib/action_controller/base.rb:1252:in `render_for_file'
/home/james/.rvm/gems/ruby-1.8.7-p334@todo-rails2/gems/actionpack-2.3.14/lib/action_controller/base.rb:942:in `render_without_benchmark'
/home/james/.rvm/gems/ruby-1.8.7-p334@todo-rails2/gems/actionpack-2.3.14/lib/action_controller/benchmarking.rb:51:in `render'
/home/james/.rvm/gems/ruby-1.8.7-p334@todo-rails2/gems/activesupport-2.3.14/lib/active_support/core_ext/benchmark.rb:17:in `ms'
/home/james/.rvm/rubies/ruby-1.8.7-p334/lib/ruby/1.8/benchmark.rb:308:in `realtime'
/home/james/.rvm/gems/ruby-1.8.7-p334@todo-rails2/gems/activesupport-2.3.14/lib/active_support/core_ext/benchmark.rb:17:in `ms'
/home/james/.rvm/gems/ruby-1.8.7-p334@todo-rails2/gems/actionpack-2.3.14/lib/action_controller/benchmarking.rb:51:in `render'
/home/james/.rvm/gems/ruby-1.8.7-p334@todo-rails2/gems/actionpack-2.3.14/lib/action_controller/mime_responds.rb:135:in `send'
/home/james/.rvm/gems/ruby-1.8.7-p334@todo-rails2/gems/actionpack-2.3.14/lib/action_controller/mime_responds.rb:135:in `custom'
/home/james/.rvm/gems/ruby-1.8.7-p334@todo-rails2/gems/actionpack-2.3.14/lib/action_controller/mime_responds.rb:179:in `call'
/home/james/.rvm/gems/ruby-1.8.7-p334@todo-rails2/gems/actionpack-2.3.14/lib/action_controller/mime_responds.rb:179:in `respond'
/home/james/.rvm/gems/ruby-1.8.7-p334@todo-rails2/gems/actionpack-2.3.14/lib/action_controller/mime_responds.rb:173:in `each'
/home/james/.rvm/gems/ruby-1.8.7-p334@todo-rails2/gems/actionpack-2.3.14/lib/action_controller/mime_responds.rb:173:in `respond'
/home/james/.rvm/gems/ruby-1.8.7-p334@todo-rails2/gems/actionpack-2.3.14/lib/action_controller/mime_responds.rb:107:in `respond_to'
/home/james/ey/projects/todo-rails2/app/controllers/tasks_controller.rb:10:in `index'
/home/james/.rvm/gems/ruby-1.8.7-p334@todo-rails2/gems/actionpack-2.3.14/lib/action_controller/base.rb:1333:in `send'
/home/james/.rvm/gems/ruby-1.8.7-p334@todo-rails2/gems/actionpack-2.3.14/lib/action_controller/base.rb:1333:in `perform_action_without_filters'
/home/james/.rvm/gems/ruby-1.8.7-p334@todo-rails2/gems/actionpack-2.3.14/lib/action_controller/filters.rb:617:in `call_filters'
/home/james/.rvm/gems/ruby-1.8.7-p334@todo-rails2/gems/actionpack-2.3.14/lib/action_controller/filters.rb:610:in `perform_action_without_benchmark'
/home/james/.rvm/gems/ruby-1.8.7-p334@todo-rails2/gems/actionpack-2.3.14/lib/action_controller/benchmarking.rb:68:in `perform_action_without_rescue'
/home/james/.rvm/gems/ruby-1.8.7-p334@todo-rails2/gems/activesupport-2.3.14/lib/active_support/core_ext/benchmark.rb:17:in `ms'
/home/james/.rvm/rubies/ruby-1.8.7-p334/lib/ruby/1.8/benchmark.rb:308:in `realtime'
/home/james/.rvm/gems/ruby-1.8.7-p334@todo-rails2/gems/activesupport-2.3.14/lib/active_support/core_ext/benchmark.rb:17:in `ms'
/home/james/.rvm/gems/ruby-1.8.7-p334@todo-rails2/gems/actionpack-2.3.14/lib/action_controller/benchmarking.rb:68:in `perform_action_without_rescue'
/home/james/.rvm/gems/ruby-1.8.7-p334@todo-rails2/gems/actionpack-2.3.14/lib/action_controller/rescue.rb:160:in `perform_action_without_flash'
/home/james/.rvm/gems/ruby-1.8.7-p334@todo-rails2/gems/actionpack-2.3.14/lib/action_controller/flash.rb:151:in `perform_action'
/home/james/.rvm/gems/ruby-1.8.7-p334@todo-rails2/gems/actionpack-2.3.14/lib/action_controller/base.rb:532:in `send'
/home/james/.rvm/gems/ruby-1.8.7-p334@todo-rails2/gems/actionpack-2.3.14/lib/action_controller/base.rb:532:in `process_without_filters'
/home/james/.rvm/gems/ruby-1.8.7-p334@todo-rails2/gems/actionpack-2.3.14/lib/action_controller/filters.rb:606:in `process'
/home/james/.rvm/gems/ruby-1.8.7-p334@todo-rails2/gems/actionpack-2.3.14/lib/action_controller/base.rb:391:in `process'
/home/james/.rvm/gems/ruby-1.8.7-p334@todo-rails2/gems/actionpack-2.3.14/lib/action_controller/base.rb:386:in `call'
/home/james/.rvm/gems/ruby-1.8.7-p334@todo-rails2/gems/actionpack-2.3.14/lib/action_controller/routing/route_set.rb:438:in `call'
/home/james/.rvm/gems/ruby-1.8.7-p334@todo-rails2/gems/actionpack-2.3.14/lib/action_controller/dispatcher.rb:87:in `dispatch'
/home/james/.rvm/gems/ruby-1.8.7-p334@todo-rails2/gems/actionpack-2.3.14/lib/action_controller/dispatcher.rb:121:in `_call'
/home/james/.rvm/gems/ruby-1.8.7-p334@todo-rails2/gems/actionpack-2.3.14/lib/action_controller/dispatcher.rb:130:in `build_middleware_stack'
/home/james/.rvm/gems/ruby-1.8.7-p334@todo-rails2/gems/activerecord-2.3.14/lib/active_record/query_cache.rb:29:in `call'
/home/james/.rvm/gems/ruby-1.8.7-p334@todo-rails2/gems/activerecord-2.3.14/lib/active_record/query_cache.rb:29:in `call'
/home/james/.rvm/gems/ruby-1.8.7-p334@todo-rails2/gems/activerecord-2.3.14/lib/active_record/connection_adapters/abstract/query_cache.rb:34:in `cache'
/home/james/.rvm/gems/ruby-1.8.7-p334@todo-rails2/gems/activerecord-2.3.14/lib/active_record/query_cache.rb:9:in `cache'
/home/james/.rvm/gems/ruby-1.8.7-p334@todo-rails2/gems/activerecord-2.3.14/lib/active_record/query_cache.rb:28:in `call'
/home/james/.rvm/gems/ruby-1.8.7-p334@todo-rails2/gems/activerecord-2.3.14/lib/active_record/connection_adapters/abstract/connection_pool.rb:361:in `call'
/home/james/.rvm/gems/ruby-1.8.7-p334@todo-rails2/gems/actionpack-2.3.14/lib/action_controller/string_coercion.rb:25:in `call'
/home/james/.rvm/gems/ruby-1.8.7-p334@todo-rails2/gems/rack-1.1.3/lib/rack/head.rb:9:in `call'
/home/james/.rvm/gems/ruby-1.8.7-p334@todo-rails2/gems/rack-1.1.3/lib/rack/methodoverride.rb:24:in `call'
/home/james/.rvm/gems/ruby-1.8.7-p334@todo-rails2/gems/actionpack-2.3.14/lib/action_controller/params_parser.rb:15:in `call'
/home/james/.rvm/gems/ruby-1.8.7-p334@todo-rails2/gems/actionpack-2.3.14/lib/action_controller/session/cookie_store.rb:99:in `call'
/home/james/.rvm/gems/ruby-1.8.7-p334@todo-rails2/gems/actionpack-2.3.14/lib/action_controller/failsafe.rb:26:in `call'
/home/james/.rvm/gems/ruby-1.8.7-p334@todo-rails2/gems/rack-1.1.3/lib/rack/lock.rb:11:in `call'
/home/james/.rvm/gems/ruby-1.8.7-p334@todo-rails2/gems/rack-1.1.3/lib/rack/lock.rb:11:in `synchronize'
/home/james/.rvm/gems/ruby-1.8.7-p334@todo-rails2/gems/rack-1.1.3/lib/rack/lock.rb:11:in `call'
/home/james/.rvm/gems/ruby-1.8.7-p334@todo-rails2/gems/actionpack-2.3.14/lib/action_controller/dispatcher.rb:106:in `call'
/home/james/.rvm/gems/ruby-1.8.7-p334@todo-rails2/gems/shotgun-0.9/lib/shotgun/loader.rb:86:in `proceed_as_child'
/home/james/.rvm/gems/ruby-1.8.7-p334@todo-rails2/gems/shotgun-0.9/lib/shotgun/loader.rb:31:in `call!'
/home/james/.rvm/gems/ruby-1.8.7-p334@todo-rails2/gems/shotgun-0.9/lib/shotgun/loader.rb:18:in `call'
/home/james/.rvm/gems/ruby-1.8.7-p334@todo-rails2/gems/shotgun-0.9/lib/shotgun/favicon.rb:12:in `call'
/home/james/.rvm/gems/ruby-1.8.7-p334@todo-rails2/gems/shotgun-0.9/lib/shotgun/static.rb:14:in `call'
/home/james/.rvm/gems/ruby-1.8.7-p334@todo-rails2/gems/rack-1.1.3/lib/rack/builder.rb:77:in `call'
/home/james/.rvm/gems/ruby-1.8.7-p334@todo-rails2/gems/rack-1.1.3/lib/rack/content_length.rb:13:in `call'
/home/james/.rvm/gems/ruby-1.8.7-p334@todo-rails2/gems/rack-1.1.3/lib/rack/handler/webrick.rb:48:in `service'
/home/james/.rvm/rubies/ruby-1.8.7-p334/lib/ruby/1.8/webrick/httpserver.rb:104:in `service'
/home/james/.rvm/rubies/ruby-1.8.7-p334/lib/ruby/1.8/webrick/httpserver.rb:65:in `run'
/home/james/.rvm/rubies/ruby-1.8.7-p334/lib/ruby/1.8/webrick/server.rb:173:in `start_thread'
/home/james/.rvm/rubies/ruby-1.8.7-p334/lib/ruby/1.8/webrick/server.rb:162:in `start'
/home/james/.rvm/rubies/ruby-1.8.7-p334/lib/ruby/1.8/webrick/server.rb:162:in `start_thread'
/home/james/.rvm/rubies/ruby-1.8.7-p334/lib/ruby/1.8/webrick/server.rb:95:in `start'
/home/james/.rvm/rubies/ruby-1.8.7-p334/lib/ruby/1.8/webrick/server.rb:92:in `each'
/home/james/.rvm/rubies/ruby-1.8.7-p334/lib/ruby/1.8/webrick/server.rb:92:in `start'
/home/james/.rvm/rubies/ruby-1.8.7-p334/lib/ruby/1.8/webrick/server.rb:23:in `start'
/home/james/.rvm/rubies/ruby-1.8.7-p334/lib/ruby/1.8/webrick/server.rb:82:in `start'
/home/james/.rvm/gems/ruby-1.8.7-p334@todo-rails2/gems/rack-1.1.3/lib/rack/handler/webrick.rb:14:in `run'
/home/james/.rvm/gems/ruby-1.8.7-p334@todo-rails2/gems/shotgun-0.9/bin/shotgun:156
/home/james/.rvm/gems/ruby-1.8.7-p334@todo-rails2/bin/shotgun:19:in `load'
/home/james/.rvm/gems/ruby-1.8.7-p334@todo-rails2/bin/shotgun:19
